2022-01-09 14:22:51,604 ERROR o.t.core.task.HandlerRunnable[265]: 
java.lang.NullPointerException: null
	at org.tim.server.helper.TIM.sendToUser(TIM.java:57)
	at org.tim.server.command.handler.ChatReqHandler.handler(ChatReqHandler.java:61)
	at org.tim.server.protocol.tcp.ImSocketServerAioHandler.handler(ImSocketServerAioHandler.java:55)
	at org.tio.core.task.HandlerRunnable.handler(HandlerRunnable.java:262)
	at org.tio.core.task.DecodeRunnable.handler(DecodeRunnable.java:246)
	at org.tio.core.task.DecodeRunnable.decode(DecodeRunnable.java:392)
	at org.tio.core.ReadCompletionHandler.completed(ReadCompletionHandler.java:275)
	at org.tio.core.ReadCompletionHandler.completed(ReadCompletionHandler.java:213)
	at sun.nio.ch.Invoker.invokeUnchecked(Invoker.java:126)
	at sun.nio.ch.Invoker$2.run(Invoker.java:218)
	at sun.nio.ch.AsynchronousChannelGroupImpl$1.run(AsynchronousChannelGroupImpl.java:112)
	at java.util.concurrent.ThreadPoolExecutor.runWorker(ThreadPoolExecutor.java:1149)
	at java.util.concurrent.ThreadPoolExecutor$Worker.run(ThreadPoolExecutor.java:624)
	at java.lang.Thread.run(Thread.java:748)
2022-01-09 14:22:53,619 ERROR o.t.core.task.HandlerRunnable[265]: 
java.lang.NullPointerException: null
	at org.tim.server.command.handler.MessageReqHandler.handler(MessageReqHandler.java:66)
	at org.tim.server.protocol.tcp.ImSocketServerAioHandler.handler(ImSocketServerAioHandler.java:55)
	at org.tio.core.task.HandlerRunnable.handler(HandlerRunnable.java:262)
	at org.tio.core.task.DecodeRunnable.handler(DecodeRunnable.java:246)
	at org.tio.core.task.DecodeRunnable.decode(DecodeRunnable.java:392)
	at org.tio.core.ReadCompletionHandler.completed(ReadCompletionHandler.java:275)
	at org.tio.core.ReadCompletionHandler.completed(ReadCompletionHandler.java:213)
	at sun.nio.ch.Invoker.invokeUnchecked(Invoker.java:126)
	at sun.nio.ch.Invoker$2.run(Invoker.java:218)
	at sun.nio.ch.AsynchronousChannelGroupImpl$1.run(AsynchronousChannelGroupImpl.java:112)
	at java.util.concurrent.ThreadPoolExecutor.runWorker(ThreadPoolExecutor.java:1149)
	at java.util.concurrent.ThreadPoolExecutor$Worker.run(ThreadPoolExecutor.java:624)
	at java.lang.Thread.run(Thread.java:748)
2022-01-09 14:22:53,619 ERROR o.t.core.task.HandlerRunnable[265]: 
java.lang.NullPointerException: null
	at org.tim.server.command.handler.MessageReqHandler.handler(MessageReqHandler.java:71)
	at org.tim.server.protocol.tcp.ImSocketServerAioHandler.handler(ImSocketServerAioHandler.java:55)
	at org.tio.core.task.HandlerRunnable.handler(HandlerRunnable.java:262)
	at org.tio.core.task.DecodeRunnable.handler(DecodeRunnable.java:246)
	at org.tio.core.task.DecodeRunnable.decode(DecodeRunnable.java:392)
	at org.tio.core.ReadCompletionHandler.completed(ReadCompletionHandler.java:275)
	at org.tio.core.ReadCompletionHandler.completed(ReadCompletionHandler.java:213)
	at sun.nio.ch.Invoker.invokeUnchecked(Invoker.java:126)
	at sun.nio.ch.Invoker$2.run(Invoker.java:218)
	at sun.nio.ch.AsynchronousChannelGroupImpl$1.run(AsynchronousChannelGroupImpl.java:112)
	at java.util.concurrent.ThreadPoolExecutor.runWorker(ThreadPoolExecutor.java:1149)
	at java.util.concurrent.ThreadPoolExecutor$Worker.run(ThreadPoolExecutor.java:624)
	at java.lang.Thread.run(Thread.java:748)
2022-01-09 14:22:53,619 ERROR o.t.core.task.HandlerRunnable[265]: 
java.lang.NullPointerException: null
	at org.tim.server.command.handler.MessageReqHandler.handler(MessageReqHandler.java:74)
	at org.tim.server.protocol.tcp.ImSocketServerAioHandler.handler(ImSocketServerAioHandler.java:55)
	at org.tio.core.task.HandlerRunnable.handler(HandlerRunnable.java:262)
	at org.tio.core.task.DecodeRunnable.handler(DecodeRunnable.java:246)
	at org.tio.core.task.DecodeRunnable.decode(DecodeRunnable.java:392)
	at org.tio.core.ReadCompletionHandler.completed(ReadCompletionHandler.java:275)
	at org.tio.core.ReadCompletionHandler.completed(ReadCompletionHandler.java:213)
	at sun.nio.ch.Invoker.invokeUnchecked(Invoker.java:126)
	at sun.nio.ch.Invoker$2.run(Invoker.java:218)
	at sun.nio.ch.AsynchronousChannelGroupImpl$1.run(AsynchronousChannelGroupImpl.java:112)
	at java.util.concurrent.ThreadPoolExecutor.runWorker(ThreadPoolExecutor.java:1149)
	at java.util.concurrent.ThreadPoolExecutor$Worker.run(ThreadPoolExecutor.java:624)
	at java.lang.Thread.run(Thread.java:748)
2022-01-09 14:29:14,840 ERROR o.t.core.task.HandlerRunnable[265]: 
java.lang.NullPointerException: null
	at org.tim.server.command.handler.MessageReqHandler.handler(MessageReqHandler.java:66)
	at org.tim.server.protocol.tcp.ImSocketServerAioHandler.handler(ImSocketServerAioHandler.java:55)
	at org.tio.core.task.HandlerRunnable.handler(HandlerRunnable.java:262)
	at org.tio.core.task.DecodeRunnable.handler(DecodeRunnable.java:246)
	at org.tio.core.task.DecodeRunnable.decode(DecodeRunnable.java:392)
	at org.tio.core.ReadCompletionHandler.completed(ReadCompletionHandler.java:275)
	at org.tio.core.ReadCompletionHandler.completed(ReadCompletionHandler.java:213)
	at sun.nio.ch.Invoker.invokeUnchecked(Invoker.java:126)
	at sun.nio.ch.Invoker$2.run(Invoker.java:218)
	at sun.nio.ch.AsynchronousChannelGroupImpl$1.run(AsynchronousChannelGroupImpl.java:112)
	at java.util.concurrent.ThreadPoolExecutor.runWorker(ThreadPoolExecutor.java:1149)
	at java.util.concurrent.ThreadPoolExecutor$Worker.run(ThreadPoolExecutor.java:624)
	at java.lang.Thread.run(Thread.java:748)
2022-01-09 14:29:14,840 ERROR o.t.core.task.HandlerRunnable[265]: 
java.lang.NullPointerException: null
	at org.tim.server.command.handler.MessageReqHandler.handler(MessageReqHandler.java:71)
	at org.tim.server.protocol.tcp.ImSocketServerAioHandler.handler(ImSocketServerAioHandler.java:55)
	at org.tio.core.task.HandlerRunnable.handler(HandlerRunnable.java:262)
	at org.tio.core.task.DecodeRunnable.handler(DecodeRunnable.java:246)
	at org.tio.core.task.DecodeRunnable.decode(DecodeRunnable.java:392)
	at org.tio.core.ReadCompletionHandler.completed(ReadCompletionHandler.java:275)
	at org.tio.core.ReadCompletionHandler.completed(ReadCompletionHandler.java:213)
	at sun.nio.ch.Invoker.invokeUnchecked(Invoker.java:126)
	at sun.nio.ch.Invoker$2.run(Invoker.java:218)
	at sun.nio.ch.AsynchronousChannelGroupImpl$1.run(AsynchronousChannelGroupImpl.java:112)
	at java.util.concurrent.ThreadPoolExecutor.runWorker(ThreadPoolExecutor.java:1149)
	at java.util.concurrent.ThreadPoolExecutor$Worker.run(ThreadPoolExecutor.java:624)
	at java.lang.Thread.run(Thread.java:748)
2022-01-09 14:29:14,840 ERROR o.t.core.task.HandlerRunnable[265]: 
java.lang.NullPointerException: null
	at org.tim.server.command.handler.MessageReqHandler.handler(MessageReqHandler.java:74)
	at org.tim.server.protocol.tcp.ImSocketServerAioHandler.handler(ImSocketServerAioHandler.java:55)
	at org.tio.core.task.HandlerRunnable.handler(HandlerRunnable.java:262)
	at org.tio.core.task.DecodeRunnable.handler(DecodeRunnable.java:246)
	at org.tio.core.task.DecodeRunnable.decode(DecodeRunnable.java:392)
	at org.tio.core.ReadCompletionHandler.completed(ReadCompletionHandler.java:275)
	at org.tio.core.ReadCompletionHandler.completed(ReadCompletionHandler.java:213)
	at sun.nio.ch.Invoker.invokeUnchecked(Invoker.java:126)
	at sun.nio.ch.Invoker$2.run(Invoker.java:218)
	at sun.nio.ch.AsynchronousChannelGroupImpl$1.run(AsynchronousChannelGroupImpl.java:112)
	at java.util.concurrent.ThreadPoolExecutor.runWorker(ThreadPoolExecutor.java:1149)
	at java.util.concurrent.ThreadPoolExecutor$Worker.run(ThreadPoolExecutor.java:624)
	at java.lang.Thread.run(Thread.java:748)
